app/build/intermediates/manifest_merge_blame_file/debug/manifest-merger-blame-debug-report.txt
1<?xml version="1.0" encoding="utf-8"?>
2<manifest xmlns:android="http://schemas.android.com/apk/res/android"
3    package="com.example.pikakabatyasalitadictionary"
4    android:versionCode="1"
5    android:versionName="1.0" >
6
7    <uses-sdk
8        android:minSdkVersion="28"
8-->src\main\AndroidManifest.xml
9        android:targetSdkVersion="32" />
9-->src\main\AndroidManifest.xml
10
11    <application
11-->src\main\AndroidManifest.xml:5:5-71:19
12        android:allowBackup="true"
12-->src\main\AndroidManifest.xml:6:9-35
13        android:appComponentFactory="androidx.core.app.CoreComponentFactory"
13-->[androidx.core:core:1.8.0] AndroidManifest.xml:24:18-86
14        android:dataExtractionRules="@xml/data_extraction_rules"
14-->src\main\AndroidManifest.xml:7:9-65
15        android:debuggable="true"
16        android:extractNativeLibs="false"
17        android:fullBackupContent="@xml/backup_rules"
17-->src\main\AndroidManifest.xml:8:9-54
18        android:icon="@drawable/outside_logo"
18-->src\main\AndroidManifest.xml:9:9-46
19        android:label="Pikakabat Ya Salita"
19-->src\main\AndroidManifest.xml:10:9-44
20        android:roundIcon="@mipmap/ic_launcher"
20-->src\main\AndroidManifest.xml:11:9-48
21        android:supportsRtl="true"
21-->src\main\AndroidManifest.xml:12:9-35
22        android:testOnly="true"
23        android:theme="@style/Theme.PikakabatYaSalitaDictionary" >
23-->src\main\AndroidManifest.xml:13:9-65
24        <activity
24-->src\main\AndroidManifest.xml:15:9-21:20
25            android:name="com.example.pikakabatyasalitadictionary.MainActivity"
25-->src\main\AndroidManifest.xml:16:13-41
26            android:exported="false" >
26-->src\main\AndroidManifest.xml:17:13-37
27            <meta-data
27-->src\main\AndroidManifest.xml:18:13-20:36
28                android:name="android.app.lib_name"
28-->src\main\AndroidManifest.xml:19:17-52
29                android:value="" />
29-->src\main\AndroidManifest.xml:20:17-33
30        </activity>
31        <activity
31-->src\main\AndroidManifest.xml:22:9-30:20
32            android:name="com.example.pikakabatyasalitadictionary.Activity.Activity_Home"
32-->src\main\AndroidManifest.xml:23:13-51
33            android:exported="false"
33-->src\main\AndroidManifest.xml:24:13-37
34            android:label="@string/title_activity_home"
34-->src\main\AndroidManifest.xml:25:13-56
35            android:theme="@style/Theme.PikakabatYaSalitaDictionary.NoActionBar" >
35-->src\main\AndroidManifest.xml:26:13-81
36            <meta-data
36-->src\main\AndroidManifest.xml:18:13-20:36
37                android:name="android.app.lib_name"
37-->src\main\AndroidManifest.xml:19:17-52
38                android:value="" />
38-->src\main\AndroidManifest.xml:20:17-33
39        </activity>
40        <activity
40-->src\main\AndroidManifest.xml:31:9-34:56
41            android:name="com.example.pikakabatyasalitadictionary.PangtoEnglishDiscription"
41-->src\main\AndroidManifest.xml:32:13-53
42            android:exported="false"
42-->src\main\AndroidManifest.xml:33:13-37
43            android:parentActivityName="com.example.pikakabatyasalitadictionary.Dictionary" />
43-->src\main\AndroidManifest.xml:34:13-53
44        <activity
44-->src\main\AndroidManifest.xml:35:9-37:40
45            android:name="com.example.pikakabatyasalitadictionary.SavedWords"
45-->src\main\AndroidManifest.xml:36:13-39
46            android:exported="false" />
46-->src\main\AndroidManifest.xml:37:13-37
47        <activity
47-->src\main\AndroidManifest.xml:38:9-40:40
48            android:name="com.example.pikakabatyasalitadictionary.Recent"
48-->src\main\AndroidManifest.xml:39:13-35
49            android:exported="false" />
49-->src\main\AndroidManifest.xml:40:13-37
50        <activity
50-->src\main\AndroidManifest.xml:41:9-43:40
51            android:name="com.example.pikakabatyasalitadictionary.TriviaInPangasinan"
51-->src\main\AndroidManifest.xml:42:13-47
52            android:exported="false" />
52-->src\main\AndroidManifest.xml:43:13-37
53        <activity
53-->src\main\AndroidManifest.xml:44:9-46:40
54            android:name="com.example.pikakabatyasalitadictionary.Dictionary"
54-->src\main\AndroidManifest.xml:45:13-39
55            android:exported="false" />
55-->src\main\AndroidManifest.xml:46:13-37
56        <activity
56-->src\main\AndroidManifest.xml:47:9-50:47
57            android:name="com.example.pikakabatyasalitadictionary.About"
57-->src\main\AndroidManifest.xml:48:13-34
58            android:exported="false"
58-->src\main\AndroidManifest.xml:49:13-37
59            android:launchMode="singleTask" />
59-->src\main\AndroidManifest.xml:50:13-44
60        <activity
60-->src\main\AndroidManifest.xml:51:9-54:47
61            android:name="com.example.pikakabatyasalitadictionary.Dashboard"
61-->src\main\AndroidManifest.xml:52:13-38
62            android:exported="false"
62-->src\main\AndroidManifest.xml:53:13-37
63            android:launchMode="singleTask" />
63-->src\main\AndroidManifest.xml:54:13-44
64        <activity
64-->src\main\AndroidManifest.xml:55:9-63:20
65            android:name="com.example.pikakabatyasalitadictionary.Activity.Activity_SplashScreen"
65-->src\main\AndroidManifest.xml:56:13-59
66            android:exported="true" >
66-->src\main\AndroidManifest.xml:57:13-36
67            <intent-filter>
67-->src\main\AndroidManifest.xml:58:13-62:29
68                <action android:name="android.intent.action.MAIN" />
68-->src\main\AndroidManifest.xml:59:17-69
68-->src\main\AndroidManifest.xml:59:25-66
69
70                <category android:name="android.intent.category.LAUNCHER" />
70-->src\main\AndroidManifest.xml:61:17-77
70-->src\main\AndroidManifest.xml:61:27-74
71            </intent-filter>
72        </activity>
73
74        <meta-data
74-->src\main\AndroidManifest.xml:65:9-67:70
75            android:name="com.google.android.gms.ads.APPLICATION_ID"
75-->src\main\AndroidManifest.xml:66:13-69
76            android:value="ca-app-pub-################~##########" />
76-->src\main\AndroidManifest.xml:67:13-67
77        <meta-data
77-->src\main\AndroidManifest.xml:68:9-70:57
78            android:name="preloaded_fonts"
78-->src\main\AndroidManifest.xml:69:13-43
79            android:resource="@array/preloaded_fonts" />
79-->src\main\AndroidManifest.xml:70:13-54
80
81        <activity
81-->[:dictionary] AndroidManifest.xml:10:9-16:20
82            android:name="org.sticollegeandroidprojects.dictionary.Activity.Activity_Trivia"
82-->[:dictionary] AndroidManifest.xml:11:13-93
83            android:exported="false" >
83-->[:dictionary] AndroidManifest.xml:12:13-37
84            <meta-data
84-->src\main\AndroidManifest.xml:18:13-20:36
85                android:name="android.app.lib_name"
85-->src\main\AndroidManifest.xml:19:17-52
86                android:value="" />
86-->src\main\AndroidManifest.xml:20:17-33
87        </activity>
88        <activity
88-->[:dictionary] AndroidManifest.xml:17:9-23:20
89            android:name="org.sticollegeandroidprojects.dictionary.Activity.ActivityWordDescription"
89-->[:dictionary] AndroidManifest.xml:18:13-101
90            android:exported="false" >
90-->[:dictionary] AndroidManifest.xml:19:13-37
91            <meta-data
91-->src\main\AndroidManifest.xml:18:13-20:36
92                android:name="android.app.lib_name"
92-->src\main\AndroidManifest.xml:19:17-52
93                android:value="" />
93-->src\main\AndroidManifest.xml:20:17-33
94        </activity>
95        <activity
95-->[:dictionary] AndroidManifest.xml:24:9-30:20
96            android:name="org.sticollegeandroidprojects.dictionary.Activity.ActivitySearch"
96-->[:dictionary] AndroidManifest.xml:25:13-92
97            android:exported="false" >
97-->[:dictionary] AndroidManifest.xml:26:13-37
98            <meta-data
98-->src\main\AndroidManifest.xml:18:13-20:36
99                android:name="android.app.lib_name"
99-->src\main\AndroidManifest.xml:19:17-52
100                android:value="" />
100-->src\main\AndroidManifest.xml:20:17-33
101        </activity>
102        <activity
102-->[:dictionary] AndroidManifest.xml:31:9-37:20
103            android:name="org.sticollegeandroidprojects.dictionary.Activity.Activity_WordList"
103-->[:dictionary] AndroidManifest.xml:32:13-95
104            android:exported="false" >
104-->[:dictionary] AndroidManifest.xml:33:13-37
105            <meta-data
105-->src\main\AndroidManifest.xml:18:13-20:36
106                android:name="android.app.lib_name"
106-->src\main\AndroidManifest.xml:19:17-52
107                android:value="" />
107-->src\main\AndroidManifest.xml:20:17-33
108        </activity>
109
110        <provider
110-->[androidx.emoji2:emoji2:1.2.0] AndroidManifest.xml:24:9-32:20
111            android:name="androidx.startup.InitializationProvider"
111-->[androidx.emoji2:emoji2:1.2.0] AndroidManifest.xml:25:13-67
112            android:authorities="com.example.pikakabatyasalitadictionary.androidx-startup"
112-->[androidx.emoji2:emoji2:1.2.0] AndroidManifest.xml:26:13-68
113            android:exported="false" >
113-->[androidx.emoji2:emoji2:1.2.0] AndroidManifest.xml:27:13-37
114            <meta-data
114-->[androidx.emoji2:emoji2:1.2.0] AndroidManifest.xml:29:13-31:52
115                android:name="androidx.emoji2.text.EmojiCompatInitializer"
115-->[androidx.emoji2:emoji2:1.2.0] AndroidManifest.xml:30:17-75
116                android:value="androidx.startup" />
116-->[androidx.emoji2:emoji2:1.2.0] AndroidManifest.xml:31:17-49
117            <meta-data
117-->[androidx.lifecycle:lifecycle-process:2.4.1] AndroidManifest.xml:31:13-33:52
118                android:name="androidx.lifecycle.ProcessLifecycleInitializer"
118-->[androidx.lifecycle:lifecycle-process:2.4.1] AndroidManifest.xml:32:17-78
119                android:value="androidx.startup" />
119-->[androidx.lifecycle:lifecycle-process:2.4.1] AndroidManifest.xml:33:17-49
120        </provider>
121
122        <uses-library
122-->[androidx.window:window:1.0.0] AndroidManifest.xml:25:9-27:40
123            android:name="androidx.window.extensions"
123-->[androidx.window:window:1.0.0] AndroidManifest.xml:26:13-54
124            android:required="false" />
124-->[androidx.window:window:1.0.0] AndroidManifest.xml:27:13-37
125        <uses-library
125-->[androidx.window:window:1.0.0] AndroidManifest.xml:28:9-30:40
126            android:name="androidx.window.sidecar"
126-->[androidx.window:window:1.0.0] AndroidManifest.xml:29:13-51
127            android:required="false" />
127-->[androidx.window:window:1.0.0] AndroidManifest.xml:30:13-37
128
129        <service
129-->[androidx.room:room-runtime:2.4.3] AndroidManifest.xml:25:9-28:40
130            android:name="androidx.room.MultiInstanceInvalidationService"
130-->[androidx.room:room-runtime:2.4.3] AndroidManifest.xml:26:13-74
131            android:directBootAware="true"
131-->[androidx.room:room-runtime:2.4.3] AndroidManifest.xml:27:13-43
132            android:exported="false" />
132-->[androidx.room:room-runtime:2.4.3] AndroidManifest.xml:28:13-37
133    </application>
134
135</manifest>